<?xml version="1.0" encoding="UTF-8"?>
<!-- Generated by org.testng.reporters.JUnitReportReporter -->
<testsuite hostname="LAPTOP-1R5D9T55" failures="0" tests="1" name="testscripts.LoginTest" time="5.034" errors="0" timestamp="2025-09-23T12:08:17 IST" skipped="0">
  <testcase classname="testscripts.LoginTest" name="verifyUserLoginWithValidCredentials" time="5.034"/>
</testsuite> <!-- testscripts.LoginTest -->
