<?xml version="1.0" encoding="UTF-8"?>
<!-- Generated by org.testng.reporters.JUnitReportReporter -->
<testsuite hostname="LAPTOP-1R5D9T55" failures="0" tests="1" name="testscripts.AdminUserTest" time="11.384" errors="0" timestamp="2025-09-13T14:15:25 IST" skipped="0">
  <testcase classname="testscripts.AdminUserTest" name="VerifyWhetherAdminUserisabletoAddNewUser" time="11.384"/>
</testsuite> <!-- testscripts.AdminUserTest -->
