<?xml version="1.0" encoding="UTF-8"?>
<!-- Generated by org.testng.reporters.JUnitReportReporter -->
<testsuite hostname="LAPTOP-1R5D9T55" failures="0" tests="1" name="testscripts.AdminUserTest" time="5.628" errors="0" timestamp="2025-09-23T12:09:06 IST" skipped="0">
  <testcase classname="testscripts.AdminUserTest" name="verifyUserisAbleToSearchAnewlyAddedUser" time="5.628"/>
</testsuite> <!-- testscripts.AdminUserTest -->
