<?xml version="1.0" encoding="UTF-8"?>
<!-- Generated by org.testng.reporters.JUnitReportReporter -->
<testsuite hostname="LAPTOP-1R5D9T55" failures="0" tests="3" name="testscripts.AdminUserTest" time="26.801" errors="0" timestamp="2025-09-26T11:43:54 IST" skipped="0">
  <testcase classname="testscripts.AdminUserTest" name="VerifyWhetherAdminUserisabletoAddNewUser" time="11.859"/>
  <testcase classname="testscripts.AdminUserTest" name="verifyUserisAbleToResetANewlyAddedUser" time="8.093"/>
  <testcase classname="testscripts.AdminUserTest" name="verifyUserisAbleToSearchAnewlyAddedUser" time="6.849"/>
</testsuite> <!-- testscripts.AdminUserTest -->
