<?xml version="1.0" encoding="UTF-8"?>
<!-- Generated by org.testng.reporters.JUnitReportReporter -->
<testsuite hostname="LAPTOP-1R5D9T55" failures="0" tests="1" name="testscripts.HomeTest" time="7.288" errors="0" timestamp="2025-09-12T12:05:32 IST" skipped="0">
  <testcase classname="testscripts.HomeTest" name="verifyUserisabletoLogout" time="7.288"/>
</testsuite> <!-- testscripts.HomeTest -->
