<?xml version="1.0" encoding="UTF-8"?>
<!-- Generated by org.testng.reporters.JUnitReportReporter -->
<testsuite hostname="LAPTOP-1R5D9T55" failures="0" tests="6" name="testscripts.LoginTest" time="36.526" errors="0" timestamp="2025-09-26T11:43:54 IST" skipped="0">
  <testcase classname="testscripts.LoginTest" name="verifyUserLoginWithValidCredentials" time="7.364"/>
  <testcase classname="testscripts.LoginTest" name="verifyUserLoginWithValidUsernameAndInvalidPassword" time="4.689"/>
  <testcase classname="testscripts.LoginTest" name="verifyUserLoginWithValidUsernameAndInvalidPassword" time="5.276"/>
  <testcase classname="testscripts.LoginTest" name="verifyUserLoginWithInvalidUsernameAndInvalidPassword" time="6.775"/>
  <testcase classname="testscripts.LoginTest" name="verifyUserLoginWithInvalidUsernameAndValidPassword" time="5.925"/>
  <testcase classname="testscripts.LoginTest" name="verifyUserLoginWithBlankUsernameAndBlankPassword" time="6.497"/>
</testsuite> <!-- testscripts.LoginTest -->
