<?xml version="1.0" encoding="UTF-8"?>
<!-- Generated by org.testng.reporters.JUnitReportReporter -->
<testsuite hostname="LAPTOP-1R5D9T55" failures="0" tests="1" name="testscripts.LoginTest" time="5.584" errors="0" timestamp="2025-09-17T15:25:00 IST" skipped="0">
  <testcase classname="testscripts.LoginTest" name="verifyUserLoginWithValidUsernameAndInvalidPassword" time="5.584"/>
</testsuite> <!-- testscripts.LoginTest -->
