<?xml version="1.0" encoding="UTF-8"?>
<!-- Generated by org.testng.reporters.JUnitReportReporter -->
<testsuite hostname="LAPTOP-1R5D9T55" failures="0" tests="3" name="testscripts.ManageNewsTest" time="29.414" errors="0" timestamp="2025-09-26T11:43:54 IST" skipped="0">
  <testcase classname="testscripts.ManageNewsTest" name="verifyAUserisAbleTOAddNews" time="14.399"/>
  <testcase classname="testscripts.ManageNewsTest" name="verifyUserIsAbleToResetNewsField" time="7.612"/>
  <testcase classname="testscripts.ManageNewsTest" name="verifyUserIsAbleTOSearchNews" time="7.403"/>
</testsuite> <!-- testscripts.ManageNewsTest -->
